<?xml version="1.0" encoding="UTF-8"?>
<!-- Generated by org.testng.reporters.JUnitReportReporter -->
<testsuite hostname="VEER" failures="0" tests="2" name="Project1_Amazon.final_Project.TestCase01" time="170.008" errors="0" timestamp="2024-07-23T19:54:59 IST" skipped="1">
  <testcase classname="Project1_Amazon.final_Project.TestCase01" name="register_on_Amazon" time="90.057">
    <skipped/>
  </testcase> <!-- register_on_Amazon -->
  <system-out/>
  <testcase classname="Project1_Amazon.final_Project.TestCase01" name="register_on_Amazon" time="79.951"/>
  <system-out>
    <![CDATA[Test case Ppassed]]>
  </system-out>
</testsuite> <!-- Project1_Amazon.final_Project.TestCase01 -->
