<?xml version="1.0" encoding="UTF-8"?>
<!-- Generated by org.testng.reporters.JUnitReportReporter -->
<testsuite hostname="VEER" failures="0" tests="1" name="Project1_Amazon.final_Project.TestCase02" time="135.445" errors="0" timestamp="2024-07-23T19:54:59 IST" skipped="0">
  <testcase classname="Project1_Amazon.final_Project.TestCase02" name="login_to_amazon" time="135.445"/>
  <system-out>
    <![CDATA[Test case Ppassed]]>
  </system-out>
</testsuite> <!-- Project1_Amazon.final_Project.TestCase02 -->
