<?xml version="1.0" encoding="UTF-8"?>
<!-- Generated by org.testng.reporters.JUnitReportReporter -->
<testsuite hostname="VEER" failures="0" tests="1" name="Project1_Amazon.final_Project.TestCase04" time="45.633" errors="0" timestamp="2024-07-21T15:20:48 IST" skipped="0">
  <testcase classname="Project1_Amazon.final_Project.TestCase04" name="edit_profile" time="45.633"/>
</testsuite> <!-- Project1_Amazon.final_Project.TestCase04 -->
