<?xml version="1.0" encoding="UTF-8"?>
<!-- Generated by org.testng.reporters.JUnitReportReporter -->
<testsuite hostname="VEER" failures="0" tests="1" name="Project1_Amazon.final_Project.TestCase15" time="40.050" errors="0" timestamp="2024-07-22T16:27:15 IST" skipped="0">
  <testcase classname="Project1_Amazon.final_Project.TestCase15" name="productDetsils" time="40.050"/>
</testsuite> <!-- Project1_Amazon.final_Project.TestCase15 -->
