<?xml version="1.0" encoding="UTF-8"?>
<!-- Generated by org.testng.reporters.JUnitReportReporter -->
<testsuite hostname="VEER" failures="0" tests="1" name="Project1_Amazon.final_Project.TestCase10" time="57.878" errors="0" timestamp="2024-07-21T17:15:17 IST" skipped="0">
  <testcase classname="Project1_Amazon.final_Project.TestCase10" name="updateCartQuantity" time="57.878"/>
</testsuite> <!-- Project1_Amazon.final_Project.TestCase10 -->
