<?xml version="1.0" encoding="UTF-8"?>
<!-- Generated by org.testng.reporters.JUnitReportReporter -->
<testsuite hostname="VEER" failures="0" tests="1" name="Project1_Amazon.final_Project.TestCase06" time="95.657" errors="0" timestamp="2024-08-07T07:19:05 IST" skipped="0">
  <testcase classname="Project1_Amazon.final_Project.TestCase06" name="searchingWithFilters" time="95.657"/>
  <system-out>
    <![CDATA[Test case Ppassed]]>
  </system-out>
</testsuite> <!-- Project1_Amazon.final_Project.TestCase06 -->
