<?xml version="1.0" encoding="UTF-8"?>
<!-- Generated by org.testng.reporters.JUnitReportReporter -->
<testsuite hostname="VEER" failures="0" tests="2" name="Project1_Amazon.final_Project.TestCase01" time="153.159" errors="0" timestamp="2024-08-07T07:19:05 IST" skipped="1">
  <testcase classname="Project1_Amazon.final_Project.TestCase01" name="register_on_Amazon" time="72.984">
    <skipped/>
  </testcase> <!-- register_on_Amazon -->
  <system-out/>
  <testcase classname="Project1_Amazon.final_Project.TestCase01" name="register_on_Amazon" time="80.175"/>
  <system-out>
    <![CDATA[Test case Ppassed]]>
  </system-out>
</testsuite> <!-- Project1_Amazon.final_Project.TestCase01 -->
