<?xml version="1.0" encoding="UTF-8"?>
<!-- Generated by org.testng.reporters.JUnitReportReporter -->
<testsuite hostname="VEER" failures="0" tests="3" name="Project1_Amazon.final_Project.TestCase13" time="313.550" errors="0" timestamp="2024-08-07T07:19:05 IST" skipped="2">
  <testcase classname="Project1_Amazon.final_Project.TestCase13" name="applyCoupon" time="111.620">
    <skipped/>
  </testcase> <!-- applyCoupon -->
  <system-out/>
  <testcase classname="Project1_Amazon.final_Project.TestCase13" name="applyCoupon" time="110.117"/>
  <system-out>
    <![CDATA[Test case Ppassed]]>
  </system-out>
  <testcase classname="Project1_Amazon.final_Project.TestCase13" name="applyCoupon" time="91.813">
    <skipped/>
  </testcase> <!-- applyCoupon -->
  <system-out/>
</testsuite> <!-- Project1_Amazon.final_Project.TestCase13 -->
