<?xml version="1.0" encoding="UTF-8"?>
<!-- Generated by org.testng.reporters.JUnitReportReporter -->
<testsuite hostname="VEER" failures="0" tests="3" name="Project1_Amazon.final_Project.TestCase10" time="163.564" errors="0" timestamp="2024-08-07T07:19:04 IST" skipped="2">
  <testcase classname="Project1_Amazon.final_Project.TestCase10" name="updateCartQuantity" time="67.940"/>
  <system-out>
    <![CDATA[Test case Ppassed]]>
  </system-out>
  <testcase classname="Project1_Amazon.final_Project.TestCase10" name="updateCartQuantity" time="18.385">
    <skipped/>
  </testcase> <!-- updateCartQuantity -->
  <system-out/>
  <testcase classname="Project1_Amazon.final_Project.TestCase10" name="updateCartQuantity" time="77.239">
    <skipped/>
  </testcase> <!-- updateCartQuantity -->
  <system-out/>
</testsuite> <!-- Project1_Amazon.final_Project.TestCase10 -->
