<?xml version="1.0" encoding="UTF-8"?>
<!-- Generated by org.testng.reporters.JUnitReportReporter -->
<testsuite hostname="VEER" failures="0" tests="1" name="Project1_Amazon.final_Project.TestCase07" time="49.024" errors="0" timestamp="2024-08-07T07:19:05 IST" skipped="0">
  <testcase classname="Project1_Amazon.final_Project.TestCase07" name="productDetsils" time="49.024"/>
  <system-out>
    <![CDATA[Test case Ppassed]]>
  </system-out>
</testsuite> <!-- Project1_Amazon.final_Project.TestCase07 -->
