<?xml version="1.0" encoding="UTF-8"?>
<!-- Generated by org.testng.reporters.JUnitReportReporter -->
<testsuite hostname="VEER" failures="0" tests="1" name="Project1_Amazon.final_Project.TestCase14" time="29.338" errors="0" timestamp="2024-08-07T07:19:04 IST" skipped="0">
  <testcase classname="Project1_Amazon.final_Project.TestCase14" name="rating" time="29.338"/>
  <system-out>
    <![CDATA[Test case Ppassed]]>
  </system-out>
</testsuite> <!-- Project1_Amazon.final_Project.TestCase14 -->
