<?xml version="1.0" encoding="UTF-8"?>
<!-- Generated by org.testng.reporters.JUnitReportReporter -->
<testsuite hostname="VEER" failures="0" tests="4" name="Project1_Amazon.final_Project.TestCase04" time="577.416" errors="0" timestamp="2024-08-07T07:19:04 IST" skipped="3">
  <testcase classname="Project1_Amazon.final_Project.TestCase04" name="edit_profile" time="140.832"/>
  <system-out>
    <![CDATA[Test case Ppassed]]>
  </system-out>
  <testcase classname="Project1_Amazon.final_Project.TestCase04" name="edit_profile" time="128.624">
    <skipped/>
  </testcase> <!-- edit_profile -->
  <system-out/>
  <testcase classname="Project1_Amazon.final_Project.TestCase04" name="edit_profile" time="223.660">
    <skipped/>
  </testcase> <!-- edit_profile -->
  <system-out/>
  <testcase classname="Project1_Amazon.final_Project.TestCase04" name="edit_profile" time="84.300">
    <skipped/>
  </testcase> <!-- edit_profile -->
  <system-out/>
</testsuite> <!-- Project1_Amazon.final_Project.TestCase04 -->
