<?xml version="1.0" encoding="UTF-8"?>
<!-- Generated by org.testng.reporters.JUnitReportReporter -->
<testsuite hostname="VEER" failures="0" tests="1" name="Project1_Amazon.final_Project.TestCase11" time="108.640" errors="0" timestamp="2024-07-21T21:05:51 IST" skipped="0">
  <testcase classname="Project1_Amazon.final_Project.TestCase11" name="checkOut" time="108.640"/>
</testsuite> <!-- Project1_Amazon.final_Project.TestCase11 -->
