<?xml version="1.0" encoding="UTF-8"?>
<!-- Generated by org.testng.reporters.JUnitReportReporter -->
<testsuite hostname="VEER" failures="0" tests="2" name="Project1_Amazon.final_Project.TestCase12" time="115.592" errors="0" timestamp="2024-08-07T07:19:04 IST" skipped="1">
  <testcase classname="Project1_Amazon.final_Project.TestCase12" name="payment" time="32.664">
    <skipped/>
  </testcase> <!-- payment -->
  <system-out/>
  <testcase classname="Project1_Amazon.final_Project.TestCase12" name="payment" time="82.928"/>
  <system-out>
    <![CDATA[Test case Ppassed]]>
  </system-out>
</testsuite> <!-- Project1_Amazon.final_Project.TestCase12 -->
